<?xml version="1.0" encoding="UTF-8"?>
<testng-results ignored="0" total="1" passed="1" failed="0" skipped="0">
  <reporter-output>
  </reporter-output>
  <suite started-at="2023-07-18T18:52:49 IST" name="Default suite" finished-at="2023-07-18T18:52:56 IST" duration-ms="6617">
    <groups>
      <group name="smoke">
        <method signature="LoginTest.verifyUserLogin()[pri:0, instance:com.ui.test.LoginTest@5b247367]" name="verifyUserLogin" class="com.ui.test.LoginTest"/>
      </group> <!-- smoke -->
      <group name="sanity">
        <method signature="LoginTest.verifyUserLogin()[pri:0, instance:com.ui.test.LoginTest@5b247367]" name="verifyUserLogin" class="com.ui.test.LoginTest"/>
      </group> <!-- sanity -->
    </groups>
    <test started-at="2023-07-18T18:52:49 IST" name="Default test" finished-at="2023-07-18T18:52:56 IST" duration-ms="6617">
      <class name="com.ui.test.LoginTest">
        <test-method is-config="true" signature="setup()[pri:0, instance:com.ui.test.LoginTest@5b247367]" started-at="2023-07-18T18:52:49 IST" name="setup" description="Setup for the test" finished-at="2023-07-18T18:52:54 IST" duration-ms="4902" status="PASS">
          <reporter-output>
          </reporter-output>
        </test-method> <!-- setup -->
        <test-method signature="verifyUserLogin()[pri:0, instance:com.ui.test.LoginTest@5b247367]" started-at="2023-07-18T18:52:54 IST" name="verifyUserLogin" description="test user login via UI" finished-at="2023-07-18T18:52:55 IST" duration-ms="1458" status="PASS">
          <reporter-output>
          </reporter-output>
        </test-method> <!-- verifyUserLogin -->
        <test-method is-config="true" signature="tearDown()[pri:0, instance:com.ui.test.LoginTest@5b247367]" started-at="2023-07-18T18:52:55 IST" name="tearDown" description="tearDown" finished-at="2023-07-18T18:52:56 IST" duration-ms="193" status="PASS">
          <reporter-output>
          </reporter-output>
        </test-method> <!-- tearDown -->
      </class> <!-- com.ui.test.LoginTest -->
    </test> <!-- Default test -->
  </suite> <!-- Default suite -->
</testng-results>
